<?xml version="1.0" encoding="UTF-8"?>
<!-- Generated by org.testng.reporters.JUnitReportReporter -->
<testsuite hostname="DESKTOP-PQAQEE1" failures="0" tests="6" name="tests.loginTests" time="45.772" errors="1" timestamp="01 Oct 2022 06:05:24 GMT" skipped="0">
  <testcase classname="tests.loginTests" name="loginWithEmptyEmailAndEmptyPassword" time="0.366"/>
  <testcase classname="tests.loginTests" name="loginWithCorrectEmailAndEmptyPassword" time="30.278">
    <error message="Error {
  message=&#039;Timeout 30000ms exceeded.
=========================== logs ===========================
waiting for selector &quot;text=Empty password&quot;
============================================================
  name=&#039;TimeoutError
  stack=&#039;TimeoutError: Timeout 30000ms exceeded.
=========================== logs ===========================
waiting for selector &quot;text=Empty password&quot;
============================================================
    at ProgressController.run (C:\Users\hp\AppData\Local\Temp\playwright-java-15182671261734299032\package\lib\server\progress.js:96:26)
    at Frame._scheduleRerunnableTask (C:\Users\hp\AppData\Local\Temp\playwright-java-15182671261734299032\package\lib\server\frames.js:1572:23)
    at Frame.textContent (C:\Users\hp\AppData\Local\Temp\playwright-java-15182671261734299032\package\lib\server\frames.js:1256:17)
    at FrameDispatcher.textContent (C:\Users\hp\AppData\Local\Temp\playwright-java-15182671261734299032\package\lib\server\dispatchers\frameDispatcher.js:197:37)
    at DispatcherConnection.dispatch (C:\Users\hp\AppData\Local\Temp\playwright-java-15182671261734299032\package\lib\server\dispatchers\dispatcher.js:397:46)
}" type="com.microsoft.playwright.TimeoutError">
      <![CDATA[com.microsoft.playwright.TimeoutError: Error {
  message='Timeout 30000ms exceeded.
=========================== logs ===========================
waiting for selector "text=Empty password"
============================================================
  name='TimeoutError
  stack='TimeoutError: Timeout 30000ms exceeded.
=========================== logs ===========================
waiting for selector "text=Empty password"
============================================================
    at ProgressController.run (C:\Users\hp\AppData\Local\Temp\playwright-java-15182671261734299032\package\lib\server\progress.js:96:26)
    at Frame._scheduleRerunnableTask (C:\Users\hp\AppData\Local\Temp\playwright-java-15182671261734299032\package\lib\server\frames.js:1572:23)
    at Frame.textContent (C:\Users\hp\AppData\Local\Temp\playwright-java-15182671261734299032\package\lib\server\frames.js:1256:17)
    at FrameDispatcher.textContent (C:\Users\hp\AppData\Local\Temp\playwright-java-15182671261734299032\package\lib\server\dispatchers\frameDispatcher.js:197:37)
    at DispatcherConnection.dispatch (C:\Users\hp\AppData\Local\Temp\playwright-java-15182671261734299032\package\lib\server\dispatchers\dispatcher.js:397:46)
}
at com.microsoft.playwright.impl.WaitableResult.get(WaitableResult.java:52)
at com.microsoft.playwright.impl.ChannelOwner.runUntil(ChannelOwner.java:109)
at com.microsoft.playwright.impl.Connection.sendMessage(Connection.java:108)
at com.microsoft.playwright.impl.ChannelOwner.sendMessage(ChannelOwner.java:100)
at com.microsoft.playwright.impl.FrameImpl.textContentImpl(FrameImpl.java:748)
at com.microsoft.playwright.impl.PageImpl.lambda$textContent$65(PageImpl.java:1171)
at com.microsoft.playwright.impl.LoggingSupport.withLogging(LoggingSupport.java:47)
at com.microsoft.playwright.impl.ChannelOwner.withLogging(ChannelOwner.java:85)
at com.microsoft.playwright.impl.PageImpl.textContent(PageImpl.java:1170)
at com.microsoft.playwright.Page.textContent(Page.java:5856)
at pages.loginPage.emptyPasswordErrorMsg(loginPage.java:39)
at tests.loginTests.loginWithCorrectEmailAndEmptyPassword(loginTests.java:84)
at java.base/jdk.internal.reflect.DirectMethodHandleAccessor.invoke(DirectMethodHandleAccessor.java:104)
at java.base/java.lang.reflect.Method.invoke(Method.java:577)
at org.testng.internal.MethodInvocationHelper.invokeMethod(MethodInvocationHelper.java:124)
at org.testng.internal.Invoker.invokeMethod(Invoker.java:583)
at org.testng.internal.Invoker.invokeTestMethod(Invoker.java:719)
at org.testng.internal.Invoker.invokeTestMethods(Invoker.java:989)
at org.testng.internal.TestMethodWorker.invokeTestMethods(TestMethodWorker.java:125)
at org.testng.internal.TestMethodWorker.run(TestMethodWorker.java:109)
at org.testng.TestRunner.privateRun(TestRunner.java:648)
at org.testng.TestRunner.run(TestRunner.java:505)
at org.testng.SuiteRunner.runTest(SuiteRunner.java:455)
at org.testng.SuiteRunner.runSequentially(SuiteRunner.java:450)
at org.testng.SuiteRunner.privateRun(SuiteRunner.java:415)
at org.testng.SuiteRunner.run(SuiteRunner.java:364)
at org.testng.SuiteRunnerWorker.runSuite(SuiteRunnerWorker.java:52)
at org.testng.SuiteRunnerWorker.run(SuiteRunnerWorker.java:84)
at org.testng.TestNG.runSuitesSequentially(TestNG.java:1208)
at org.testng.TestNG.runSuitesLocally(TestNG.java:1137)
at org.testng.TestNG.runSuites(TestNG.java:1049)
at org.testng.TestNG.run(TestNG.java:1017)
at org.testng.remote.AbstractRemoteTestNG.run(AbstractRemoteTestNG.java:115)
at org.testng.remote.RemoteTestNG.initAndRun(RemoteTestNG.java:251)
at org.testng.remote.RemoteTestNG.main(RemoteTestNG.java:77)
Caused by: com.microsoft.playwright.TimeoutError: Error {
  message='Timeout 30000ms exceeded.
=========================== logs ===========================
waiting for selector "text=Empty password"
============================================================
  name='TimeoutError
  stack='TimeoutError: Timeout 30000ms exceeded.
=========================== logs ===========================
waiting for selector "text=Empty password"
============================================================
    at ProgressController.run (C:\Users\hp\AppData\Local\Temp\playwright-java-15182671261734299032\package\lib\server\progress.js:96:26)
    at Frame._scheduleRerunnableTask (C:\Users\hp\AppData\Local\Temp\playwright-java-15182671261734299032\package\lib\server\frames.js:1572:23)
    at Frame.textContent (C:\Users\hp\AppData\Local\Temp\playwright-java-15182671261734299032\package\lib\server\frames.js:1256:17)
    at FrameDispatcher.textContent (C:\Users\hp\AppData\Local\Temp\playwright-java-15182671261734299032\package\lib\server\dispatchers\frameDispatcher.js:197:37)
    at DispatcherConnection.dispatch (C:\Users\hp\AppData\Local\Temp\playwright-java-15182671261734299032\package\lib\server\dispatchers\dispatcher.js:397:46)
}
at com.microsoft.playwright.impl.Connection.dispatch(Connection.java:188)
at com.microsoft.playwright.impl.Connection.processOneMessage(Connection.java:170)
at com.microsoft.playwright.impl.ChannelOwner.runUntil(ChannelOwner.java:107)
... 33 more
]]>
    </error>
  </testcase> <!-- loginWithCorrectEmailAndEmptyPassword -->
  <testcase classname="tests.loginTests" name="loginWithEmptyEmailAndCorrectPassword" time="0.173"/>
  <testcase classname="tests.loginTests" name="loginWithIncorrectEmailAndCorrectPassword" time="2.969"/>
  <testcase classname="tests.loginTests" name="loginWithCorrectEmailAndIncorrectPassword" time="1.185"/>
  <testcase classname="tests.loginTests" name="loginWithValidCredentials" time="10.801"/>
</testsuite> <!-- tests.loginTests -->
