<?xml version="1.0" encoding="UTF-8"?>
<!-- Generated by org.testng.reporters.JUnitReportReporter -->
<testsuite hostname="DESKTOP-PQAQEE1" failures="0" tests="1" name="tests.logoutTest" time="19.232" errors="0" timestamp="01 Oct 2022 06:18:32 GMT" skipped="0">
  <testcase classname="tests.logoutTest" name="logout" time="19.232"/>
</testsuite> <!-- tests.logoutTest -->
